2023-12-08 20:03:45.964 [info] Added views:workbench.panel.markers.view in workbench.panel.markers
2023-12-08 20:03:45.964 [info] Added views:workbench.panel.output in workbench.panel.output
2023-12-08 20:03:45.964 [info] Added views:terminal in terminal
2023-12-08 20:03:45.964 [info] Added views:outline in workbench.view.explorer
2023-12-08 20:03:45.964 [info] Added views:workbench.scm in workbench.view.scm
2023-12-08 20:03:45.964 [info] Added views:workbench.view.search in workbench.view.search
2023-12-08 20:03:45.964 [info] Added views:timeline in workbench.view.explorer
2023-12-08 20:03:45.964 [info] Added views:workbench.explorer.emptyView in workbench.view.explorer
2023-12-08 20:03:47.917 [info] Added views:workbench.debug.variablesView,workbench.debug.watchExpressionsView,workbench.debug.callStackView,workbench.debug.breakPointsView in workbench.view.debug
2023-12-08 20:03:48.179 [info] Added views:~remote.forwardedPorts in ~remote.forwardedPortsContainer
2023-12-08 20:03:49.064 [info] Added views:workbench.panel.repl.view in workbench.panel.repl
2023-12-08 20:03:49.064 [info] Removed views:workbench.debug.breakPointsView,workbench.debug.callStackView,workbench.debug.watchExpressionsView,workbench.debug.variablesView from workbench.view.debug
2023-12-08 20:03:49.065 [info] Added views:workbench.debug.welcome in workbench.view.debug
2023-12-08 20:04:24.393 [info] Added views:workbench.panel.markers.view in workbench.panel.markers
2023-12-08 20:04:24.394 [info] Added views:workbench.panel.output in workbench.panel.output
2023-12-08 20:04:24.394 [info] Added views:terminal in terminal
2023-12-08 20:04:24.394 [info] Added views:outline in workbench.view.explorer
2023-12-08 20:04:24.394 [info] Added views:workbench.scm in workbench.view.scm
2023-12-08 20:04:24.394 [info] Added views:workbench.view.search in workbench.view.search
2023-12-08 20:04:24.394 [info] Added views:timeline in workbench.view.explorer
2023-12-08 20:04:24.394 [info] Added views:workbench.explorer.fileView in workbench.view.explorer
2023-12-08 20:04:26.125 [info] Added views:workbench.debug.variablesView,workbench.debug.watchExpressionsView,workbench.debug.callStackView,workbench.debug.breakPointsView in workbench.view.debug
2023-12-08 20:04:26.269 [info] Added views:~remote.forwardedPorts in ~remote.forwardedPortsContainer
2023-12-08 20:04:27.422 [info] Added views:workbench.panel.repl.view in workbench.panel.repl
2023-12-08 20:04:27.432 [info] Removed views:workbench.debug.breakPointsView,workbench.debug.callStackView,workbench.debug.watchExpressionsView,workbench.debug.variablesView from workbench.view.debug
2023-12-08 20:04:27.437 [info] Added views:workbench.debug.welcome in workbench.view.debug
